[0m17:49:52.552497 [debug] [MainThread]: Sending event: {'category': 'dbt', 'action': 'invocation', 'label': 'start', 'context': [<snowplow_tracker.self_describing_json.SelfDescribingJson object at 0x106e2e9f0>, <snowplow_tracker.self_describing_json.SelfDescribingJson object at 0x111676300>, <snowplow_tracker.self_describing_json.SelfDescribingJson object at 0x111676030>]}


============================== 17:49:52.556591 | 5f373aef-47a3-411a-b540-34acb9de1cf1 ==============================
[0m17:49:52.556591 [info ] [MainThread]: Running with dbt=1.10.1
[0m17:49:52.556947 [debug] [MainThread]: running dbt with arguments {'printer_width': '80', 'indirect_selection': 'eager', 'log_cache_events': 'False', 'write_json': 'True', 'partial_parse': 'True', 'cache_selected_only': 'False', 'warn_error': 'None', 'version_check': 'True', 'debug': 'False', 'log_path': 'logs', 'fail_fast': 'False', 'profiles_dir': '/Users/jovangligorevic/.dbt', 'use_colors': 'True', 'use_experimental_parser': 'False', 'empty': 'None', 'quiet': 'False', 'no_print': 'None', 'warn_error_options': 'WarnErrorOptionsV2(error=[], warn=[], silence=[])', 'introspect': 'True', 'invocation_command': 'dbt init solana', 'static_parser': 'True', 'target_path': 'None', 'log_format': 'default', 'send_anonymous_usage_stats': 'True'}
[0m17:49:52.562544 [info ] [MainThread]: Creating dbt configuration folder at /Users/jovangligorevic/.dbt
[0m17:49:52.563830 [debug] [MainThread]: Starter project path: /Users/jovangligorevic/code/onchain/onchain-analytics/.venv/lib/python3.12/site-packages/dbt/include/starter_project
[0m17:49:52.567714 [info ] [MainThread]: 
Your new dbt project "solana" was created!

For more information on how to configure the profiles.yml file,
please consult the dbt documentation here:

  https://docs.getdbt.com/docs/configure-your-profile

One more thing:

Need help? Don't hesitate to reach out to us via GitHub issues or on Slack:

  https://community.getdbt.com/

Happy modeling!

[0m17:49:52.567984 [info ] [MainThread]: Setting up your profile.
[0m17:49:57.197073 [info ] [MainThread]: No sample profile found for clickhouse.
[0m17:49:57.227047 [debug] [MainThread]: Resource report: {"command_name": "init", "command_success": true, "command_wall_clock_time": 4.7184167, "process_in_blocks": "0", "process_kernel_time": 0.171413, "process_mem_max_rss": "110002176", "process_out_blocks": "0", "process_user_time": 0.88777}
[0m17:49:57.227497 [debug] [MainThread]: Command `dbt init` succeeded at 17:49:57.227417 after 4.72 seconds
[0m17:49:57.227758 [debug] [MainThread]: Sending event: {'category': 'dbt', 'action': 'invocation', 'label': 'end', 'context': [<snowplow_tracker.self_describing_json.SelfDescribingJson object at 0x111676120>, <snowplow_tracker.self_describing_json.SelfDescribingJson object at 0x1111210d0>, <snowplow_tracker.self_describing_json.SelfDescribingJson object at 0x1071c6ab0>]}
[0m17:49:57.228014 [debug] [MainThread]: Flushing usage events
[0m17:49:57.856909 [debug] [MainThread]: An error was encountered while trying to flush usage events
